# JRE version: OpenJDK Runtime Environment Temurin-17.0.12+7 (17.0.12+7) (build 17.0.12+7)
# Java VM: OpenJDK 64-Bit Server VM Temurin-17.0.12+7 (17.0.12+7, mixed mode, tiered, compressed oops, compressed class ptrs, parallel gc, linux-amd64)
GC Precious Log:
 CPUs: 12 total, 12 available
 Memory: 15841M
 Large Page Support: Disabled
 NUMA Support: Disabled
 Compressed Oops: Enabled (32-bit)
 Alignments: Space 512K, Generation 512K, Heap 2M
 Heap Min Capacity: 100M
 Heap Initial Capacity: 100M
 Heap Max Capacity: 1G
 Pre-touch: Disabled
 Parallel Workers: 10
Heap:
 PSYoungGen      total 53248K, used 2659K [0x00000000eab00000, 0x00000000ee900000, 0x0000000100000000)
  eden space 52224K, 5% used [0x00000000eab00000,0x00000000ead98d00,0x00000000ede00000)
  from space 1024K, 0% used [0x00000000ee800000,0x00000000ee800000,0x00000000ee900000)
  to   space 5632K, 0% used [0x00000000ede00000,0x00000000ede00000,0x00000000ee380000)
 ParOldGen       total 147968K, used 96712K [0x00000000c0000000, 0x00000000c9080000, 0x00000000eab00000)
  object space 147968K, 65% used [0x00000000c0000000,0x00000000c5e721a8,0x00000000c9080000)
 Metaspace       used 71544K, committed 72896K, reserved 1114112K
  class space    used 7585K, committed 8128K, reserved 1048576K
GC Heap History (20 events):
Event: 9.515 GC heap before
{Heap before GC invocations=60 (full 6):
 PSYoungGen      total 49664K, used 49659K [0x00000000eab00000, 0x00000000ef400000, 0x0000000100000000)
  eden space 40448K, 100% used [0x00000000eab00000,0x00000000ed280000,0x00000000ed280000)
  from space 9216K, 99% used [0x00000000ee080000,0x00000000ee97ed80,0x00000000ee980000)
  to   space 14336K, 0% used [0x00000000ed280000,0x00000000ed280000,0x00000000ee080000)
 ParOldGen       total 155648K, used 121573K [0x00000000c0000000, 0x00000000c9800000, 0x00000000eab00000)
  object space 155648K, 78% used [0x00000000c0000000,0x00000000c76b9420,0x00000000c9800000)
 Metaspace       used 66311K, committed 67648K, reserved 1114112K
  class space    used 7021K, committed 7616K, reserved 1048576K
}
Event: 9.524 GC heap after
{Heap after GC invocations=60 (full 6):
 PSYoungGen      total 45568K, used 5007K [0x00000000eab00000, 0x00000000ee700000, 0x0000000100000000)
  eden space 40448K, 0% used [0x00000000eab00000,0x00000000eab00000,0x00000000ed280000)
  from space 5120K, 97% used [0x00000000ed280000,0x00000000ed763c70,0x00000000ed780000)
  to   space 8192K, 0% used [0x00000000edf00000,0x00000000edf00000,0x00000000ee700000)
 ParOldGen       total 155648K, used 130248K [0x00000000c0000000, 0x00000000c9800000, 0x00000000eab00000)
  object space 155648K, 83% used [0x00000000c0000000,0x00000000c7f32198,0x00000000c9800000)
 Metaspace       used 66311K, committed 67648K, reserved 1114112K
  class space    used 7021K, committed 7616K, reserved 1048576K
}
Event: 9.555 GC heap before
{Heap before GC invocations=61 (full 6):
 PSYoungGen      total 45568K, used 45455K [0x00000000eab00000, 0x00000000ee700000, 0x0000000100000000)
  eden space 40448K, 100% used [0x00000000eab00000,0x00000000ed280000,0x00000000ed280000)
  from space 5120K, 97% used [0x00000000ed280000,0x00000000ed763c70,0x00000000ed780000)
  to   space 8192K, 0% used [0x00000000edf00000,0x00000000edf00000,0x00000000ee700000)
 ParOldGen       total 155648K, used 130248K [0x00000000c0000000, 0x00000000c9800000, 0x00000000eab00000)
  object space 155648K, 83% used [0x00000000c0000000,0x00000000c7f32198,0x00000000c9800000)
 Metaspace       used 66397K, committed 67776K, reserved 1114112K
  class space    used 7022K, committed 7616K, reserved 1048576K
}
Event: 9.560 GC heap after
{Heap after GC invocations=61 (full 6):
 PSYoungGen      total 49664K, used 4511K [0x00000000eab00000, 0x00000000ee380000, 0x0000000100000000)
  eden space 45056K, 0% used [0x00000000eab00000,0x00000000eab00000,0x00000000ed700000)
  from space 4608K, 97% used [0x00000000edf00000,0x00000000ee367fc0,0x00000000ee380000)
  to   space 5632K, 0% used [0x00000000ed880000,0x00000000ed880000,0x00000000ede00000)
 ParOldGen       total 155648K, used 134205K [0x00000000c0000000, 0x00000000c9800000, 0x00000000eab00000)
  object space 155648K, 86% used [0x00000000c0000000,0x00000000c830f680,0x00000000c9800000)
 Metaspace       used 66397K, committed 67776K, reserved 1114112K
  class space    used 7022K, committed 7616K, reserved 1048576K
}
Event: 9.597 GC heap before
{Heap before GC invocations=62 (full 6):
 PSYoungGen      total 49664K, used 49567K [0x00000000eab00000, 0x00000000ee380000, 0x0000000100000000)
  eden space 45056K, 100% used [0x00000000eab00000,0x00000000ed700000,0x00000000ed700000)
  from space 4608K, 97% used [0x00000000edf00000,0x00000000ee367fc0,0x00000000ee380000)
  to   space 5632K, 0% used [0x00000000ed880000,0x00000000ed880000,0x00000000ede00000)
 ParOldGen       total 155648K, used 134205K [0x00000000c0000000, 0x00000000c9800000, 0x00000000eab00000)
  object space 155648K, 86% used [0x00000000c0000000,0x00000000c830f680,0x00000000c9800000)
 Metaspace       used 66458K, committed 67776K, reserved 1114112K
  class space    used 7022K, committed 7616K, reserved 1048576K
}
Event: 9.602 GC heap after
{Heap after GC invocations=62 (full 6):
 PSYoungGen      total 52224K, used 5056K [0x00000000eab00000, 0x00000000ee700000, 0x0000000100000000)
  eden space 46592K, 0% used [0x00000000eab00000,0x00000000eab00000,0x00000000ed880000)
  from space 5632K, 89% used [0x00000000ed880000,0x00000000edd70000,0x00000000ede00000)
  to   space 5632K, 0% used [0x00000000ee180000,0x00000000ee180000,0x00000000ee700000)
 ParOldGen       total 155648K, used 138025K [0x00000000c0000000, 0x00000000c9800000, 0x00000000eab00000)
  object space 155648K, 88% used [0x00000000c0000000,0x00000000c86ca670,0x00000000c9800000)
 Metaspace       used 66458K, committed 67776K, reserved 1114112K
  class space    used 7022K, committed 7616K, reserved 1048576K
}
Event: 9.637 GC heap before
{Heap before GC invocations=63 (full 6):
 PSYoungGen      total 52224K, used 51648K [0x00000000eab00000, 0x00000000ee700000, 0x0000000100000000)
  eden space 46592K, 100% used [0x00000000eab00000,0x00000000ed880000,0x00000000ed880000)
  from space 5632K, 89% used [0x00000000ed880000,0x00000000edd70000,0x00000000ede00000)
  to   space 5632K, 0% used [0x00000000ee180000,0x00000000ee180000,0x00000000ee700000)
 ParOldGen       total 155648K, used 138025K [0x00000000c0000000, 0x00000000c9800000, 0x00000000eab00000)
  object space 155648K, 88% used [0x00000000c0000000,0x00000000c86ca670,0x00000000c9800000)
 Metaspace       used 66511K, committed 67840K, reserved 1114112K
  class space    used 7024K, committed 7616K, reserved 1048576K
}
Event: 9.644 GC heap after
{Heap after GC invocations=63 (full 6):
 PSYoungGen      total 55808K, used 2845K [0x00000000eab00000, 0x00000000ee580000, 0x0000000100000000)
  eden space 51712K, 0% used [0x00000000eab00000,0x00000000eab00000,0x00000000edd80000)
  from space 4096K, 69% used [0x00000000ee180000,0x00000000ee4475e0,0x00000000ee580000)
  to   space 4096K, 0% used [0x00000000edd80000,0x00000000edd80000,0x00000000ee180000)
 ParOldGen       total 155648K, used 142420K [0x00000000c0000000, 0x00000000c9800000, 0x00000000eab00000)
  object space 155648K, 91% used [0x00000000c0000000,0x00000000c8b15088,0x00000000c9800000)
 Metaspace       used 66511K, committed 67840K, reserved 1114112K
  class space    used 7024K, committed 7616K, reserved 1048576K
}
Event: 9.790 GC heap before
{Heap before GC invocations=64 (full 6):
 PSYoungGen      total 55808K, used 54557K [0x00000000eab00000, 0x00000000ee580000, 0x0000000100000000)
  eden space 51712K, 100% used [0x00000000eab00000,0x00000000edd80000,0x00000000edd80000)
  from space 4096K, 69% used [0x00000000ee180000,0x00000000ee4475e0,0x00000000ee580000)
  to   space 4096K, 0% used [0x00000000edd80000,0x00000000edd80000,0x00000000ee180000)
 ParOldGen       total 155648K, used 142420K [0x00000000c0000000, 0x00000000c9800000, 0x00000000eab00000)
  object space 155648K, 91% used [0x00000000c0000000,0x00000000c8b15088,0x00000000c9800000)
 Metaspace       used 68232K, committed 69568K, reserved 1114112K
  class space    used 7218K, committed 7744K, reserved 1048576K
}
Event: 9.794 GC heap after
{Heap after GC invocations=64 (full 6):
 PSYoungGen      total 55808K, used 2561K [0x00000000eab00000, 0x00000000ee880000, 0x0000000100000000)
  eden space 51712K, 0% used [0x00000000eab00000,0x00000000eab00000,0x00000000edd80000)
  from space 4096K, 62% used [0x00000000edd80000,0x00000000ee000698,0x00000000ee180000)
  to   space 3072K, 0% used [0x00000000ee580000,0x00000000ee580000,0x00000000ee880000)
 ParOldGen       total 155648K, used 144726K [0x00000000c0000000, 0x00000000c9800000, 0x00000000eab00000)
  object space 155648K, 92% used [0x00000000c0000000,0x00000000c8d55b98,0x00000000c9800000)
 Metaspace       used 68232K, committed 69568K, reserved 1114112K
  class space    used 7218K, committed 7744K, reserved 1048576K
}
Event: 9.973 GC heap before
{Heap before GC invocations=65 (full 6):
 PSYoungGen      total 55808K, used 54273K [0x00000000eab00000, 0x00000000ee880000, 0x0000000100000000)
  eden space 51712K, 100% used [0x00000000eab00000,0x00000000edd80000,0x00000000edd80000)
  from space 4096K, 62% used [0x00000000edd80000,0x00000000ee000698,0x00000000ee180000)
  to   space 3072K, 0% used [0x00000000ee580000,0x00000000ee580000,0x00000000ee880000)
 ParOldGen       total 155648K, used 144726K [0x00000000c0000000, 0x00000000c9800000, 0x00000000eab00000)
  object space 155648K, 92% used [0x00000000c0000000,0x00000000c8d55b98,0x00000000c9800000)
 Metaspace       used 69240K, committed 70528K, reserved 1114112K
  class space    used 7298K, committed 7872K, reserved 1048576K
}
Event: 9.980 GC heap after
{Heap after GC invocations=65 (full 6):
 PSYoungGen      total 55296K, used 3070K [0x00000000eab00000, 0x00000000ef100000, 0x0000000100000000)
  eden space 52224K, 0% used [0x00000000eab00000,0x00000000eab00000,0x00000000ede00000)
  from space 3072K, 99% used [0x00000000ee580000,0x00000000ee87fb40,0x00000000ee880000)
  to   space 7680K, 0% used [0x00000000ede00000,0x00000000ede00000,0x00000000ee580000)
 ParOldGen       total 155648K, used 148170K [0x00000000c0000000, 0x00000000c9800000, 0x00000000eab00000)
  object space 155648K, 95% used [0x00000000c0000000,0x00000000c90b2b78,0x00000000c9800000)
 Metaspace       used 69240K, committed 70528K, reserved 1114112K
  class space    used 7298K, committed 7872K, reserved 1048576K
}
Event: 10.184 GC heap before
{Heap before GC invocations=66 (full 6):
 PSYoungGen      total 55296K, used 55294K [0x00000000eab00000, 0x00000000ef100000, 0x0000000100000000)
  eden space 52224K, 100% used [0x00000000eab00000,0x00000000ede00000,0x00000000ede00000)
  from space 3072K, 99% used [0x00000000ee580000,0x00000000ee87fb40,0x00000000ee880000)
  to   space 7680K, 0% used [0x00000000ede00000,0x00000000ede00000,0x00000000ee580000)
 ParOldGen       total 155648K, used 148170K [0x00000000c0000000, 0x00000000c9800000, 0x00000000eab00000)
  object space 155648K, 95% used [0x00000000c0000000,0x00000000c90b2b78,0x00000000c9800000)
 Metaspace       used 70684K, committed 72000K, reserved 1114112K
  class space    used 7475K, committed 8064K, reserved 1048576K
}
Event: 10.190 GC heap after
{Heap after GC invocations=66 (full 6):
 PSYoungGen      total 59904K, used 4858K [0x00000000eab00000, 0x00000000eed00000, 0x0000000100000000)
  eden space 52224K, 0% used [0x00000000eab00000,0x00000000eab00000,0x00000000ede00000)
  from space 7680K, 63% used [0x00000000ede00000,0x00000000ee2be830,0x00000000ee580000)
  to   space 5632K, 0% used [0x00000000ee780000,0x00000000ee780000,0x00000000eed00000)
 ParOldGen       total 155648K, used 150975K [0x00000000c0000000, 0x00000000c9800000, 0x00000000eab00000)
  object space 155648K, 96% used [0x00000000c0000000,0x00000000c936fe80,0x00000000c9800000)
 Metaspace       used 70684K, committed 72000K, reserved 1114112K
  class space    used 7475K, committed 8064K, reserved 1048576K
}
Event: 10.298 GC heap before
{Heap before GC invocations=67 (full 6):
 PSYoungGen      total 59904K, used 57005K [0x00000000eab00000, 0x00000000eed00000, 0x0000000100000000)
  eden space 52224K, 99% used [0x00000000eab00000,0x00000000eddece68,0x00000000ede00000)
  from space 7680K, 63% used [0x00000000ede00000,0x00000000ee2be830,0x00000000ee580000)
  to   space 5632K, 0% used [0x00000000ee780000,0x00000000ee780000,0x00000000eed00000)
 ParOldGen       total 155648K, used 150975K [0x00000000c0000000, 0x00000000c9800000, 0x00000000eab00000)
  object space 155648K, 96% used [0x00000000c0000000,0x00000000c936fe80,0x00000000c9800000)
 Metaspace       used 71220K, committed 72512K, reserved 1114112K
  class space    used 7560K, committed 8128K, reserved 1048576K
}
Event: 10.304 GC heap after
{Heap after GC invocations=67 (full 6):
 PSYoungGen      total 58880K, used 5621K [0x00000000eab00000, 0x00000000ef300000, 0x0000000100000000)
  eden space 53248K, 0% used [0x00000000eab00000,0x00000000eab00000,0x00000000edf00000)
  from space 5632K, 99% used [0x00000000ee780000,0x00000000eecfd530,0x00000000eed00000)
  to   space 8704K, 0% used [0x00000000edf00000,0x00000000edf00000,0x00000000ee780000)
 ParOldGen       total 155648K, used 153144K [0x00000000c0000000, 0x00000000c9800000, 0x00000000eab00000)
  object space 155648K, 98% used [0x00000000c0000000,0x00000000c958e228,0x00000000c9800000)
 Metaspace       used 71220K, committed 72512K, reserved 1114112K
  class space    used 7560K, committed 8128K, reserved 1048576K
}
Event: 10.725 GC heap before
{Heap before GC invocations=68 (full 6):
 PSYoungGen      total 58880K, used 58869K [0x00000000eab00000, 0x00000000ef300000, 0x0000000100000000)
  eden space 53248K, 100% used [0x00000000eab00000,0x00000000edf00000,0x00000000edf00000)
  from space 5632K, 99% used [0x00000000ee780000,0x00000000eecfd530,0x00000000eed00000)
  to   space 8704K, 0% used [0x00000000edf00000,0x00000000edf00000,0x00000000ee780000)
 ParOldGen       total 155648K, used 153144K [0x00000000c0000000, 0x00000000c9800000, 0x00000000eab00000)
  object space 155648K, 98% used [0x00000000c0000000,0x00000000c958e228,0x00000000c9800000)
 Metaspace       used 71497K, committed 72832K, reserved 1114112K
  class space    used 7584K, committed 8128K, reserved 1048576K
}
Event: 10.732 GC heap after
{Heap after GC invocations=68 (full 6):
 PSYoungGen      total 61952K, used 4049K [0x00000000eab00000, 0x00000000eed80000, 0x0000000100000000)
  eden space 53248K, 0% used [0x00000000eab00000,0x00000000eab00000,0x00000000edf00000)
  from space 8704K, 46% used [0x00000000edf00000,0x00000000ee2f4560,0x00000000ee780000)
  to   space 5632K, 0% used [0x00000000ee800000,0x00000000ee800000,0x00000000eed80000)
 ParOldGen       total 156672K, used 156429K [0x00000000c0000000, 0x00000000c9900000, 0x00000000eab00000)
  object space 156672K, 99% used [0x00000000c0000000,0x00000000c98c3730,0x00000000c9900000)
 Metaspace       used 71497K, committed 72832K, reserved 1114112K
  class space    used 7584K, committed 8128K, reserved 1048576K
}
Event: 10.732 GC heap before
{Heap before GC invocations=69 (full 7):
 PSYoungGen      total 61952K, used 4049K [0x00000000eab00000, 0x00000000eed80000, 0x0000000100000000)
  eden space 53248K, 0% used [0x00000000eab00000,0x00000000eab00000,0x00000000edf00000)
  from space 8704K, 46% used [0x00000000edf00000,0x00000000ee2f4560,0x00000000ee780000)
  to   space 5632K, 0% used [0x00000000ee800000,0x00000000ee800000,0x00000000eed80000)
 ParOldGen       total 156672K, used 156429K [0x00000000c0000000, 0x00000000c9900000, 0x00000000eab00000)
  object space 156672K, 99% used [0x00000000c0000000,0x00000000c98c3730,0x00000000c9900000)
 Metaspace       used 71497K, committed 72832K, reserved 1114112K
  class space    used 7584K, committed 8128K, reserved 1048576K
}
Event: 10.836 GC heap after
{Heap after GC invocations=69 (full 7):
 PSYoungGen      total 53248K, used 0K [0x00000000eab00000, 0x00000000ee900000, 0x0000000100000000)
  eden space 52224K, 0% used [0x00000000eab00000,0x00000000eab00000,0x00000000ede00000)
  from space 1024K, 0% used [0x00000000ee800000,0x00000000ee800000,0x00000000ee900000)
  to   space 5632K, 0% used [0x00000000ede00000,0x00000000ede00000,0x00000000ee380000)
 ParOldGen       total 147968K, used 96712K [0x00000000c0000000, 0x00000000c9080000, 0x00000000eab00000)
  object space 147968K, 65% used [0x00000000c0000000,0x00000000c5e721a8,0x00000000c9080000)
 Metaspace       used 71484K, committed 72832K, reserved 1114112K
  class space    used 7580K, committed 8128K, reserved 1048576K
}

